<?xml version="1.0" encoding="UTF-8"?>
<testsuite name="Top Menu test"
           tests="3"
           failures="0"
           errors="0"
           skipped="0"
           time="4.781">
  <properties />
  
  
            <testcase name="verifyUserShouldNavigateToDesktopsPageSuccessfully" time="2.362" classname="com.tutorialsninja.testsuite.TopMenuTest" />
                <testcase name="verifyUserShouldNavigateToComponentsPageSuccessfully" time="1.086" classname="com.tutorialsninja.testsuite.TopMenuTest" />
                <testcase name="verifyUserShouldNavigateToLaptopsAndNotebooksPageSuccessfully" time="1.333" classname="com.tutorialsninja.testsuite.TopMenuTest" />
      
</testsuite>
